<?xml version="1.0" encoding="UTF-8"?>
<testsuite xmlns:xsi="http://www.w3.org/2001/XMLSchema-instance" xsi:noNamespaceSchemaLocation="https://maven.apache.org/surefire/maven-surefire-plugin/xsd/surefire-test-report-3.0.xsd" version="3.0" name="com.projetolivro.gerenciador_autores_obras.AutorServiceTest" time="4.254" tests="1" errors="0" skipped="0" failures="0">
  <properties>
[...]
</properties>
  <testcase name="deveImpedirAutoresComCpfOuEmailDuplicados" classname="com.projetolivro.gerenciador_autores_obras.AutorServiceTest" time="0.564">
    <system-out><![CDATA[10:56:56.445 [main] INFO org.springframework.test.context.support.AnnotationConfigContextLoaderUtils -- Could not detect default configuration classes for test class [com.projetolivro.gerenciador_autores_obras.AutorServiceTest]: AutorServiceTest does not declare any static, non-private, non-final, nested classes annotated with @Configuration.
10:56:56.565 [main] INFO org.springframework.boot.test.context.SpringBootTestContextBootstrapper -- Found @SpringBootConfiguration com.projetolivro.gerenciador_autores_obras.GerenciadorAutoresObrasApplication for test class com.projetolivro.gerenciador_autores_obras.AutorServiceTest

  .   ____          _            __ _ _
 /\\ / ___'_ __ _ _(_)_ __  __ _ \ \ \ \
( ( )\___ | '_ | '_| | '_ \/ _` | \ \ \ \
 \\/  ___)| |_)| | | | | || (_| |  ) ) ) )
  '  |____| .__|_| |_|_| |_\__, | / / / /
 =========|_|==============|___/=/_/_/_/

 :: Spring Boot ::                (v3.3.5)

2025-10-14T10:56:56.992-03:00  INFO 22792 --- [           main] c.p.g.AutorServiceTest                   : Starting AutorServiceTest using Java 17.0.3 with PID 22792 (started by rodri in C:\Users\rodri\OneDrive\Desktop\Integração)
2025-10-14T10:56:56.994-03:00  INFO 22792 --- [           main] c.p.g.AutorServiceTest                   : No active profile set, falling back to 1 default profile: "default"
2025-10-14T10:56:57.499-03:00  INFO 22792 --- [           main] .s.d.r.c.RepositoryConfigurationDelegate : Bootstrapping Spring Data JPA repositories in DEFAULT mode.
2025-10-14T10:56:57.578-03:00  INFO 22792 --- [           main] .s.d.r.c.RepositoryConfigurationDelegate : Finished Spring Data repository scanning in 70 ms. Found 2 JPA repository interfaces.
2025-10-14T10:56:57.627-03:00  INFO 22792 --- [           main] beddedDataSourceBeanFactoryPostProcessor : Replacing 'dataSource' DataSource bean with embedded version
2025-10-14T10:56:57.851-03:00  INFO 22792 --- [           main] o.s.j.d.e.EmbeddedDatabaseFactory        : Starting embedded database: url='jdbc:h2:mem:f9d5afe0-626a-489d-9935-e4f32c501b66;DB_CLOSE_DELAY=-1;DB_CLOSE_ON_EXIT=false', username='sa'
2025-10-14T10:56:58.112-03:00  INFO 22792 --- [           main] o.hibernate.jpa.internal.util.LogHelper  : HHH000204: Processing PersistenceUnitInfo [name: default]
2025-10-14T10:56:58.184-03:00  INFO 22792 --- [           main] org.hibernate.Version                    : HHH000412: Hibernate ORM core version 6.5.3.Final
2025-10-14T10:56:58.216-03:00  INFO 22792 --- [           main] o.h.c.internal.RegionFactoryInitiator    : HHH000026: Second-level cache disabled
2025-10-14T10:56:58.538-03:00  INFO 22792 --- [           main] o.s.o.j.p.SpringPersistenceUnitInfo      : No LoadTimeWeaver setup: ignoring JPA class transformer
2025-10-14T10:56:59.494-03:00  INFO 22792 --- [           main] o.h.e.t.j.p.i.JtaPlatformInitiator       : HHH000489: No JTA platform available (set 'hibernate.transaction.jta.platform' to enable JTA platform integration)
Hibernate: drop table if exists autor cascade 
Hibernate: drop table if exists autor_obra cascade 
Hibernate: drop table if exists obra cascade 
Hibernate: create table autor (data_nascimento date not null, id bigint generated by default as identity, cpf varchar(255) unique, email varchar(255) unique, nome varchar(255) not null, pais_origem varchar(255) not null, sexo varchar(255), primary key (id))
Hibernate: create table autor_obra (autor_id bigint not null, obra_id bigint not null, primary key (autor_id, obra_id))
Hibernate: create table obra (data_exposicao date, data_publicacao date, id bigint generated by default as identity, descricao varchar(240) not null, nome varchar(255) not null, primary key (id))
Hibernate: alter table if exists autor_obra add constraint FK863ywcp3773c1cuv74y679628 foreign key (autor_id) references autor
Hibernate: alter table if exists autor_obra add constraint FK4hmsncydfed4085l10ih2cxoq foreign key (obra_id) references obra
2025-10-14T10:56:59.539-03:00  INFO 22792 --- [           main] j.LocalContainerEntityManagerFactoryBean : Initialized JPA EntityManagerFactory for persistence unit 'default'
2025-10-14T10:56:59.906-03:00  INFO 22792 --- [           main] c.p.g.AutorServiceTest                   : Started AutorServiceTest in 3.252 seconds (process running for 4.194)
Hibernate: insert into autor (cpf,data_nascimento,email,nome,pais_origem,sexo,id) values (?,?,?,?,?,?,default)
Hibernate: insert into autor (cpf,data_nascimento,email,nome,pais_origem,sexo,id) values (?,?,?,?,?,?,default)
2025-10-14T10:57:00.433-03:00  WARN 22792 --- [           main] o.h.engine.jdbc.spi.SqlExceptionHelper   : SQL Error: 23505, SQLState: 23505
2025-10-14T10:57:00.433-03:00 ERROR 22792 --- [           main] o.h.engine.jdbc.spi.SqlExceptionHelper   : Unique index or primary key violation: "PUBLIC.CONSTRAINT_INDEX_3 ON PUBLIC.AUTOR(CPF NULLS FIRST) VALUES ( /* 1 */ '123.456.789-02' )"; SQL statement:
insert into autor (cpf,data_nascimento,email,nome,pais_origem,sexo,id) values (?,?,?,?,?,?,default) [23505-224]
2025-10-14T10:57:00.468-03:00  INFO 22792 --- [           main] j.LocalContainerEntityManagerFactoryBean : Closing JPA EntityManagerFactory for persistence unit 'default'
Hibernate: drop table if exists autor cascade 
Hibernate: drop table if exists autor_obra cascade 
Hibernate: drop table if exists obra cascade 
]]></system-out>
  </testcase>
</testsuite>