<?xml version="1.0" encoding="UTF-8"?>
<testsuite xmlns:xsi="http://www.w3.org/2001/XMLSchema-instance" xsi:noNamespaceSchemaLocation="https://maven.apache.org/surefire/maven-surefire-plugin/xsd/surefire-test-report-3.0.xsd" version="3.0" name="com.projetolivro.gerenciador_autores_obras.GerenciadorAutoresObrasApplicationTests" time="3.595" tests="1" errors="0" skipped="0" failures="0">
  <properties>
[...]
</properties>
  <testcase name="contextLoads" classname="com.projetolivro.gerenciador_autores_obras.GerenciadorAutoresObrasApplicationTests" time="0.007">
    <system-out><![CDATA[2025-10-14T10:57:00.494-03:00  INFO 22792 --- [           main] t.c.s.AnnotationConfigContextLoaderUtils : Could not detect default configuration classes for test class [com.projetolivro.gerenciador_autores_obras.GerenciadorAutoresObrasApplicationTests]: GerenciadorAutoresObrasApplicationTests does not declare any static, non-private, non-final, nested classes annotated with @Configuration.
2025-10-14T10:57:00.500-03:00  INFO 22792 --- [           main] .b.t.c.SpringBootTestContextBootstrapper : Found @SpringBootConfiguration com.projetolivro.gerenciador_autores_obras.GerenciadorAutoresObrasApplication for test class com.projetolivro.gerenciador_autores_obras.GerenciadorAutoresObrasApplicationTests

  .   ____          _            __ _ _
 /\\ / ___'_ __ _ _(_)_ __  __ _ \ \ \ \
( ( )\___ | '_ | '_| | '_ \/ _` | \ \ \ \
 \\/  ___)| |_)| | | | | || (_| |  ) ) ) )
  '  |____| .__|_| |_|_| |_\__, | / / / /
 =========|_|==============|___/=/_/_/_/

 :: Spring Boot ::                (v3.3.5)

2025-10-14T10:57:00.550-03:00  INFO 22792 --- [           main] .GerenciadorAutoresObrasApplicationTests : Starting GerenciadorAutoresObrasApplicationTests using Java 17.0.3 with PID 22792 (started by rodri in C:\Users\rodri\OneDrive\Desktop\Integração)
2025-10-14T10:57:00.550-03:00  INFO 22792 --- [           main] .GerenciadorAutoresObrasApplicationTests : No active profile set, falling back to 1 default profile: "default"
2025-10-14T10:57:01.336-03:00  INFO 22792 --- [           main] .s.d.r.c.RepositoryConfigurationDelegate : Bootstrapping Spring Data JPA repositories in DEFAULT mode.
2025-10-14T10:57:01.349-03:00  INFO 22792 --- [           main] .s.d.r.c.RepositoryConfigurationDelegate : Finished Spring Data repository scanning in 9 ms. Found 2 JPA repository interfaces.
2025-10-14T10:57:01.784-03:00  INFO 22792 --- [           main] com.zaxxer.hikari.HikariDataSource       : HikariPool-1 - Starting...
2025-10-14T10:57:01.799-03:00  INFO 22792 --- [           main] com.zaxxer.hikari.pool.HikariPool        : HikariPool-1 - Added connection conn7: url=jdbc:h2:mem:f20f0338-8bcc-4cae-bdd7-1fdb49981d64 user=SA
2025-10-14T10:57:01.799-03:00  INFO 22792 --- [           main] com.zaxxer.hikari.HikariDataSource       : HikariPool-1 - Start completed.
2025-10-14T10:57:01.819-03:00  INFO 22792 --- [           main] o.hibernate.jpa.internal.util.LogHelper  : HHH000204: Processing PersistenceUnitInfo [name: default]
2025-10-14T10:57:01.821-03:00  INFO 22792 --- [           main] o.h.c.internal.RegionFactoryInitiator    : HHH000026: Second-level cache disabled
2025-10-14T10:57:01.830-03:00  INFO 22792 --- [           main] o.s.o.j.p.SpringPersistenceUnitInfo      : No LoadTimeWeaver setup: ignoring JPA class transformer
2025-10-14T10:57:01.883-03:00  INFO 22792 --- [           main] o.h.e.t.j.p.i.JtaPlatformInitiator       : HHH000489: No JTA platform available (set 'hibernate.transaction.jta.platform' to enable JTA platform integration)
2025-10-14T10:57:01.899-03:00  INFO 22792 --- [           main] j.LocalContainerEntityManagerFactoryBean : Initialized JPA EntityManagerFactory for persistence unit 'default'
2025-10-14T10:57:02.300-03:00  WARN 22792 --- [           main] JpaBaseConfiguration$JpaWebConfiguration : spring.jpa.open-in-view is enabled by default. Therefore, database queries may be performed during view rendering. Explicitly configure spring.jpa.open-in-view to disable this warning
2025-10-14T10:57:02.352-03:00  WARN 22792 --- [           main] .s.s.UserDetailsServiceAutoConfiguration : 

Using generated security password: 85822970-edfc-4ad5-8adf-d3713fb30325

This generated password is for development use only. Your security configuration must be updated before running your application in production.

2025-10-14T10:57:02.388-03:00  INFO 22792 --- [           main] r$InitializeUserDetailsManagerConfigurer : Global AuthenticationManager configured with UserDetailsService bean with name inMemoryUserDetailsManager
2025-10-14T10:57:03.099-03:00  INFO 22792 --- [           main] o.s.b.a.e.web.EndpointLinksResolver      : Exposing 1 endpoint beneath base path '/actuator'
2025-10-14T10:57:04.012-03:00  INFO 22792 --- [           main] .GerenciadorAutoresObrasApplicationTests : Started GerenciadorAutoresObrasApplicationTests in 3.496 seconds (process running for 8.3)
]]></system-out>
  </testcase>
</testsuite>